<?xml version="1.0" encoding="UTF-8"?>
<coverage generated="1653251304900" clover="3.2.0">
  <project timestamp="1653251304901" name="All files">
    <metrics statements="72" coveredstatements="72" conditionals="50" coveredconditionals="49" methods="21" coveredmethods="21" elements="143" coveredelements="142" complexity="0" loc="72" ncloc="72" packages="1" files="4" classes="4"/>
    <file name="Grid.js" path="C:\Projects\meowsweeper\src\library\Grid.js">
      <metrics statements="62" coveredstatements="62" conditionals="45" coveredconditionals="44" methods="18" coveredmethods="18"/>
      <line num="3" count="1" type="stmt"/>
      <line num="4" count="1" type="stmt"/>
      <line num="21" count="1" type="stmt"/>
      <line num="23" count="1" type="stmt"/>
      <line num="37" count="1" type="stmt"/>
      <line num="44" count="10100" type="stmt"/>
      <line num="46" count="10100" type="cond" truecount="2" falsecount="0"/>
      <line num="47" count="100" type="stmt"/>
      <line num="50" count="10000" type="stmt"/>
      <line num="66" count="101" type="stmt"/>
      <line num="68" count="101" type="cond" truecount="2" falsecount="0"/>
      <line num="69" count="1" type="stmt"/>
      <line num="72" count="100" type="stmt"/>
      <line num="78" count="100" type="stmt"/>
      <line num="84" count="1" type="stmt"/>
      <line num="89" count="1" type="stmt"/>
      <line num="118" count="80890" type="stmt"/>
      <line num="120" count="80890" type="cond" truecount="2" falsecount="0"/>
      <line num="121" count="8089" type="stmt"/>
      <line num="124" count="72801" type="cond" truecount="2" falsecount="0"/>
      <line num="125" count="72801" type="cond" truecount="2" falsecount="0"/>
      <line num="132" count="72801" type="stmt"/>
      <line num="133" count="72801" type="stmt"/>
      <line num="134" count="72801" type="cond" truecount="2" falsecount="0"/>
      <line num="135" count="72801" type="cond" truecount="2" falsecount="0"/>
      <line num="137" count="72801" type="stmt"/>
      <line num="153" count="1" type="stmt"/>
      <line num="154" count="64425" type="cond" truecount="2" falsecount="0"/>
      <line num="155" count="64425" type="cond" truecount="4" falsecount="0"/>
      <line num="159" count="1" type="stmt"/>
      <line num="160" count="100" type="stmt"/>
      <line num="161" count="10000" type="cond" truecount="2" falsecount="0"/>
      <line num="162" count="1949" type="stmt"/>
      <line num="164" count="8051" type="stmt"/>
      <line num="177" count="8051" type="stmt"/>
      <line num="200" count="193" type="stmt"/>
      <line num="204" count="1347" type="cond" truecount="2" falsecount="0"/>
      <line num="205" count="193" type="cond" truecount="2" falsecount="0"/>
      <line num="206" count="147" type="stmt"/>
      <line num="209" count="46" type="stmt"/>
      <line num="213" count="46" type="stmt"/>
      <line num="214" count="46" type="stmt"/>
      <line num="215" count="46" type="cond" truecount="2" falsecount="0"/>
      <line num="219" count="46" type="cond" truecount="2" falsecount="0"/>
      <line num="220" count="10" type="stmt"/>
      <line num="223" count="36" type="stmt"/>
      <line num="232" count="288" type="cond" truecount="2" falsecount="0"/>
      <line num="233" count="288" type="cond" truecount="2" falsecount="0"/>
      <line num="263" count="225" type="stmt"/>
      <line num="266" count="225" type="cond" truecount="2" falsecount="0"/>
      <line num="267" count="36" type="stmt"/>
      <line num="270" count="189" type="stmt"/>
      <line num="271" count="189" type="stmt"/>
      <line num="292" count="3" type="stmt"/>
      <line num="293" count="12" type="stmt"/>
      <line num="294" count="48" type="stmt"/>
      <line num="295" count="286" type="cond" truecount="2" falsecount="0"/>
      <line num="297" count="48" type="cond" truecount="2" falsecount="0"/>
      <line num="298" count="31" type="stmt"/>
      <line num="301" count="17" type="stmt"/>
      <line num="320" count="3" type="stmt"/>
      <line num="322" count="3" type="stmt"/>
    </file>
    <file name="Grid.testdata.js" path="C:\Projects\meowsweeper\src\library\Grid.testdata.js">
      <metrics statements="5" coveredstatements="5" conditionals="0" coveredconditionals="0" methods="0" coveredmethods="0"/>
      <line num="1" count="1" type="stmt"/>
      <line num="108" count="1" type="stmt"/>
      <line num="232" count="1" type="stmt"/>
      <line num="323" count="1" type="stmt"/>
      <line num="414" count="1" type="stmt"/>
    </file>
    <file name="RandomMinMax.js" path="C:\Projects\meowsweeper\src\library\RandomMinMax.js">
      <metrics statements="1" coveredstatements="1" conditionals="0" coveredconditionals="0" methods="1" coveredmethods="1"/>
      <line num="2" count="10000" type="stmt"/>
    </file>
    <file name="Tile.js" path="C:\Projects\meowsweeper\src\library\Tile.js">
      <metrics statements="4" coveredstatements="4" conditionals="5" coveredconditionals="5" methods="2" coveredmethods="2"/>
      <line num="9" count="20283" type="stmt"/>
      <line num="11" count="20283" type="stmt"/>
      <line num="23" count="235" type="stmt"/>
      <line num="25" count="235" type="stmt"/>
    </file>
  </project>
</coverage>
