<?xml version="1.0" encoding="UTF-8"?>
<coverage generated="1652582300662" clover="3.2.0">
  <project timestamp="1652582300663" name="All files">
    <metrics statements="40" coveredstatements="13" conditionals="23" coveredconditionals="10" methods="10" coveredmethods="1" elements="73" coveredelements="24" complexity="0" loc="40" ncloc="40" packages="1" files="1" classes="1"/>
    <file name="Grid.js" path="C:\Projects\meowsweeper\src\library\Grid.js">
      <metrics statements="40" coveredstatements="13" conditionals="23" coveredconditionals="10" methods="10" coveredmethods="1"/>
      <line num="3" count="0" type="stmt"/>
      <line num="4" count="0" type="stmt"/>
      <line num="5" count="0" type="stmt"/>
      <line num="9" count="0" type="cond" truecount="0" falsecount="2"/>
      <line num="10" count="0" type="stmt"/>
      <line num="22" count="0" type="cond" truecount="0" falsecount="2"/>
      <line num="23" count="0" type="stmt"/>
      <line num="26" count="0" type="stmt"/>
      <line num="33" count="0" type="stmt"/>
      <line num="34" count="0" type="stmt"/>
      <line num="35" count="0" type="stmt"/>
      <line num="36" count="0" type="stmt"/>
      <line num="40" count="0" type="cond" truecount="0" falsecount="2"/>
      <line num="41" count="0" type="stmt"/>
      <line num="45" count="0" type="stmt"/>
      <line num="46" count="0" type="stmt"/>
      <line num="47" count="0" type="stmt"/>
      <line num="50" count="0" type="stmt"/>
      <line num="70" count="22" type="stmt"/>
      <line num="72" count="22" type="cond" truecount="2" falsecount="0"/>
      <line num="73" count="2" type="stmt"/>
      <line num="76" count="20" type="cond" truecount="2" falsecount="0"/>
      <line num="77" count="20" type="cond" truecount="4" falsecount="0"/>
      <line num="78" count="20" type="stmt"/>
      <line num="79" count="20" type="stmt"/>
      <line num="80" count="20" type="stmt"/>
      <line num="81" count="20" type="cond" truecount="2" falsecount="0"/>
      <line num="82" count="8" type="stmt"/>
      <line num="83" count="8" type="stmt"/>
      <line num="86" count="20" type="stmt"/>
      <line num="87" count="20" type="stmt"/>
      <line num="103" count="0" type="stmt"/>
      <line num="104" count="0" type="stmt"/>
      <line num="105" count="0" type="cond" truecount="0" falsecount="2"/>
      <line num="106" count="0" type="stmt"/>
      <line num="108" count="0" type="stmt"/>
      <line num="109" count="0" type="stmt"/>
      <line num="122" count="0" type="stmt"/>
      <line num="123" count="0" type="stmt"/>
      <line num="127" count="0" type="stmt"/>
    </file>
  </project>
</coverage>
