{"C:\\Projects\\meowsweeper\\src\\library\\Grid.js": {"path":"C:\\Projects\\meowsweeper\\src\\library\\Grid.js","statementMap":{"0":{"start":{"line":3,"column":4},"end":{"line":3,"column":25}},"1":{"start":{"line":4,"column":4},"end":{"line":4,"column":26}},"2":{"start":{"line":5,"column":4},"end":{"line":5,"column":57}},"3":{"start":{"line":9,"column":19},"end":{"line":9,"column":57}},"4":{"start":{"line":10,"column":4},"end":{"line":16,"column":5}},"5":{"start":{"line":22,"column":8},"end":{"line":24,"column":9}},"6":{"start":{"line":23,"column":12},"end":{"line":23,"column":28}},"7":{"start":{"line":26,"column":28},"end":{"line":31,"column":9}},"8":{"start":{"line":33,"column":32},"end":{"line":33,"column":55}},"9":{"start":{"line":34,"column":28},"end":{"line":34,"column":43}},"10":{"start":{"line":35,"column":31},"end":{"line":35,"column":49}},"11":{"start":{"line":36,"column":8},"end":{"line":36,"column":87}},"12":{"start":{"line":40,"column":8},"end":{"line":42,"column":9}},"13":{"start":{"line":41,"column":12},"end":{"line":41,"column":32}},"14":{"start":{"line":45,"column":29},"end":{"line":45,"column":95}},"15":{"start":{"line":46,"column":29},"end":{"line":46,"column":49}},"16":{"start":{"line":47,"column":8},"end":{"line":47,"column":74}},"17":{"start":{"line":50,"column":3},"end":{"line":50,"column":35}},"18":{"start":{"line":70,"column":8},"end":{"line":70,"column":14}},"19":{"start":{"line":72,"column":4},"end":{"line":74,"column":5}},"20":{"start":{"line":73,"column":8},"end":{"line":73,"column":29}},"21":{"start":{"line":76,"column":23},"end":{"line":76,"column":84}},"22":{"start":{"line":77,"column":21},"end":{"line":77,"column":90}},"23":{"start":{"line":78,"column":28},"end":{"line":78,"column":45}},"24":{"start":{"line":79,"column":20},"end":{"line":79,"column":35}},"25":{"start":{"line":80,"column":17},"end":{"line":80,"column":27}},"26":{"start":{"line":81,"column":4},"end":{"line":84,"column":5}},"27":{"start":{"line":82,"column":8},"end":{"line":82,"column":32}},"28":{"start":{"line":83,"column":8},"end":{"line":83,"column":35}},"29":{"start":{"line":86,"column":27},"end":{"line":86,"column":52}},"30":{"start":{"line":87,"column":4},"end":{"line":98,"column":6}},"31":{"start":{"line":103,"column":28},"end":{"line":125,"column":6}},"32":{"start":{"line":104,"column":8},"end":{"line":124,"column":11}},"33":{"start":{"line":105,"column":12},"end":{"line":107,"column":13}},"34":{"start":{"line":106,"column":16},"end":{"line":106,"column":35}},"35":{"start":{"line":108,"column":27},"end":{"line":108,"column":54}},"36":{"start":{"line":109,"column":37},"end":{"line":120,"column":13}},"37":{"start":{"line":122,"column":12},"end":{"line":122,"column":64}},"38":{"start":{"line":123,"column":12},"end":{"line":123,"column":64}},"39":{"start":{"line":127,"column":4},"end":{"line":127,"column":49}}},"fnMap":{"0":{"name":"getRandomInt","decl":{"start":{"line":2,"column":16},"end":{"line":2,"column":28}},"loc":{"start":{"line":2,"column":39},"end":{"line":6,"column":1}},"line":2},"1":{"name":"tileData","decl":{"start":{"line":8,"column":16},"end":{"line":8,"column":24}},"loc":{"start":{"line":8,"column":38},"end":{"line":17,"column":1}},"line":8},"2":{"name":"generateGrid","decl":{"start":{"line":19,"column":16},"end":{"line":19,"column":28}},"loc":{"start":{"line":19,"column":89},"end":{"line":51,"column":1}},"line":19},"3":{"name":"(anonymous_3)","decl":{"start":{"line":19,"column":68},"end":{"line":19,"column":69}},"loc":{"start":{"line":19,"column":85},"end":{"line":19,"column":87}},"line":19},"4":{"name":"buildColumns","decl":{"start":{"line":21,"column":13},"end":{"line":21,"column":25}},"loc":{"start":{"line":21,"column":98},"end":{"line":37,"column":5}},"line":21},"5":{"name":"buildRows","decl":{"start":{"line":39,"column":13},"end":{"line":39,"column":22}},"loc":{"start":{"line":39,"column":76},"end":{"line":48,"column":5}},"line":39},"6":{"name":"processPerimeter","decl":{"start":{"line":60,"column":16},"end":{"line":60,"column":32}},"loc":{"start":{"line":60,"column":41},"end":{"line":99,"column":1}},"line":60},"7":{"name":"addProximities","decl":{"start":{"line":101,"column":16},"end":{"line":101,"column":30}},"loc":{"start":{"line":101,"column":61},"end":{"line":129,"column":1}},"line":101},"8":{"name":"(anonymous_8)","decl":{"start":{"line":103,"column":42},"end":{"line":103,"column":43}},"loc":{"start":{"line":103,"column":72},"end":{"line":125,"column":5}},"line":103},"9":{"name":"(anonymous_9)","decl":{"start":{"line":104,"column":23},"end":{"line":104,"column":24}},"loc":{"start":{"line":104,"column":48},"end":{"line":124,"column":9}},"line":104}},"branchMap":{"0":{"loc":{"start":{"line":9,"column":19},"end":{"line":9,"column":57}},"type":"cond-expr","locations":[{"start":{"line":9,"column":45},"end":{"line":9,"column":49}},{"start":{"line":9,"column":52},"end":{"line":9,"column":57}}],"line":9},"1":{"loc":{"start":{"line":19,"column":54},"end":{"line":19,"column":87}},"type":"default-arg","locations":[{"start":{"line":19,"column":68},"end":{"line":19,"column":87}}],"line":19},"2":{"loc":{"start":{"line":21,"column":74},"end":{"line":21,"column":96}},"type":"default-arg","locations":[{"start":{"line":21,"column":95},"end":{"line":21,"column":96}}],"line":21},"3":{"loc":{"start":{"line":22,"column":8},"end":{"line":24,"column":9}},"type":"if","locations":[{"start":{"line":22,"column":8},"end":{"line":24,"column":9}},{"start":{},"end":{}}],"line":22},"4":{"loc":{"start":{"line":39,"column":55},"end":{"line":39,"column":74}},"type":"default-arg","locations":[{"start":{"line":39,"column":73},"end":{"line":39,"column":74}}],"line":39},"5":{"loc":{"start":{"line":40,"column":8},"end":{"line":42,"column":9}},"type":"if","locations":[{"start":{"line":40,"column":8},"end":{"line":42,"column":9}},{"start":{},"end":{}}],"line":40},"6":{"loc":{"start":{"line":62,"column":8},"end":{"line":62,"column":25}},"type":"default-arg","locations":[{"start":{"line":62,"column":24},"end":{"line":62,"column":25}}],"line":62},"7":{"loc":{"start":{"line":72,"column":4},"end":{"line":74,"column":5}},"type":"if","locations":[{"start":{"line":72,"column":4},"end":{"line":74,"column":5}},{"start":{},"end":{}}],"line":72},"8":{"loc":{"start":{"line":76,"column":23},"end":{"line":76,"column":84}},"type":"binary-expr","locations":[{"start":{"line":76,"column":23},"end":{"line":76,"column":44}},{"start":{"line":76,"column":48},"end":{"line":76,"column":84}}],"line":76},"9":{"loc":{"start":{"line":77,"column":21},"end":{"line":77,"column":90}},"type":"cond-expr","locations":[{"start":{"line":77,"column":57},"end":{"line":77,"column":74}},{"start":{"line":77,"column":77},"end":{"line":77,"column":90}}],"line":77},"10":{"loc":{"start":{"line":77,"column":22},"end":{"line":77,"column":53}},"type":"binary-expr","locations":[{"start":{"line":77,"column":22},"end":{"line":77,"column":32}},{"start":{"line":77,"column":36},"end":{"line":77,"column":53}}],"line":77},"11":{"loc":{"start":{"line":81,"column":4},"end":{"line":84,"column":5}},"type":"if","locations":[{"start":{"line":81,"column":4},"end":{"line":84,"column":5}},{"start":{},"end":{}}],"line":81},"12":{"loc":{"start":{"line":101,"column":42},"end":{"line":101,"column":59}},"type":"default-arg","locations":[{"start":{"line":101,"column":58},"end":{"line":101,"column":59}}],"line":101},"13":{"loc":{"start":{"line":105,"column":12},"end":{"line":107,"column":13}},"type":"if","locations":[{"start":{"line":105,"column":12},"end":{"line":107,"column":13}},{"start":{},"end":{}}],"line":105}},"s":{"0":0,"1":0,"2":0,"3":0,"4":0,"5":0,"6":0,"7":0,"8":0,"9":0,"10":0,"11":0,"12":0,"13":0,"14":0,"15":0,"16":0,"17":0,"18":22,"19":22,"20":2,"21":20,"22":20,"23":20,"24":20,"25":20,"26":20,"27":8,"28":8,"29":20,"30":20,"31":0,"32":0,"33":0,"34":0,"35":0,"36":0,"37":0,"38":0,"39":0},"f":{"0":0,"1":0,"2":0,"3":0,"4":0,"5":0,"6":22,"7":0,"8":0,"9":0},"b":{"0":[0,0],"1":[0],"2":[0],"3":[0,0],"4":[0],"5":[0,0],"6":[0],"7":[2,20],"8":[20,19],"9":[4,16],"10":[20,16],"11":[8,12],"12":[0],"13":[0,0]},"_coverageSchema":"1a1c01bbd47fc00a2c39e90264f33305004495a9","hash":"27c776c74e307242a64baa3d9e894ef00e6fe1e3"}
}
