{"C:\\Projects\\meowsweeper\\src\\library\\Grid.js": {"path":"C:\\Projects\\meowsweeper\\src\\library\\Grid.js","statementMap":{"0":{"start":{"line":4,"column":8},"end":{"line":6,"column":9}},"1":{"start":{"line":5,"column":12},"end":{"line":5,"column":28}},"2":{"start":{"line":8,"column":28},"end":{"line":13,"column":9}},"3":{"start":{"line":15,"column":32},"end":{"line":15,"column":55}},"4":{"start":{"line":16,"column":28},"end":{"line":16,"column":43}},"5":{"start":{"line":17,"column":31},"end":{"line":17,"column":49}},"6":{"start":{"line":18,"column":8},"end":{"line":18,"column":87}},"7":{"start":{"line":22,"column":8},"end":{"line":24,"column":9}},"8":{"start":{"line":23,"column":12},"end":{"line":23,"column":32}},"9":{"start":{"line":27,"column":29},"end":{"line":27,"column":95}},"10":{"start":{"line":28,"column":29},"end":{"line":28,"column":49}},"11":{"start":{"line":29,"column":8},"end":{"line":29,"column":74}},"12":{"start":{"line":32,"column":3},"end":{"line":32,"column":35}},"13":{"start":{"line":62,"column":8},"end":{"line":62,"column":14}},"14":{"start":{"line":64,"column":4},"end":{"line":66,"column":5}},"15":{"start":{"line":65,"column":8},"end":{"line":65,"column":29}},"16":{"start":{"line":68,"column":21},"end":{"line":68,"column":77}},"17":{"start":{"line":69,"column":21},"end":{"line":74,"column":21}},"18":{"start":{"line":76,"column":27},"end":{"line":76,"column":52}},"19":{"start":{"line":77,"column":21},"end":{"line":77,"column":56}},"20":{"start":{"line":78,"column":22},"end":{"line":78,"column":67}},"21":{"start":{"line":79,"column":19},"end":{"line":79,"column":57}},"22":{"start":{"line":81,"column":4},"end":{"line":95,"column":6}},"23":{"start":{"line":98,"column":34},"end":{"line":101,"column":1}},"24":{"start":{"line":99,"column":23},"end":{"line":99,"column":84}},"25":{"start":{"line":100,"column":4},"end":{"line":100,"column":81}},"26":{"start":{"line":104,"column":4},"end":{"line":126,"column":7}},"27":{"start":{"line":105,"column":8},"end":{"line":125,"column":11}},"28":{"start":{"line":106,"column":12},"end":{"line":108,"column":13}},"29":{"start":{"line":107,"column":16},"end":{"line":107,"column":35}},"30":{"start":{"line":110,"column":27},"end":{"line":110,"column":54}},"31":{"start":{"line":111,"column":37},"end":{"line":123,"column":13}},"32":{"start":{"line":124,"column":12},"end":{"line":124,"column":64}},"33":{"start":{"line":130,"column":21},"end":{"line":130,"column":23}},"34":{"start":{"line":131,"column":27},"end":{"line":131,"column":28}},"35":{"start":{"line":132,"column":27},"end":{"line":132,"column":29}},"36":{"start":{"line":133,"column":26},"end":{"line":133,"column":27}},"37":{"start":{"line":137,"column":8},"end":{"line":137,"column":64}},"38":{"start":{"line":141,"column":23},"end":{"line":141,"column":87}},"39":{"start":{"line":142,"column":8},"end":{"line":148,"column":9}},"40":{"start":{"line":151,"column":24},"end":{"line":153,"column":5}},"41":{"start":{"line":152,"column":8},"end":{"line":152,"column":37}},"42":{"start":{"line":155,"column":17},"end":{"line":155,"column":62}},"43":{"start":{"line":156,"column":32},"end":{"line":156,"column":67}},"44":{"start":{"line":157,"column":4},"end":{"line":157,"column":31}},"45":{"start":{"line":168,"column":22},"end":{"line":168,"column":23}},"46":{"start":{"line":169,"column":15},"end":{"line":169,"column":42}},"47":{"start":{"line":177,"column":8},"end":{"line":177,"column":14}},"48":{"start":{"line":179,"column":28},"end":{"line":179,"column":106}},"49":{"start":{"line":179,"column":53},"end":{"line":179,"column":105}},"50":{"start":{"line":180,"column":4},"end":{"line":182,"column":5}},"51":{"start":{"line":181,"column":8},"end":{"line":181,"column":27}},"52":{"start":{"line":184,"column":4},"end":{"line":184,"column":34}},"53":{"start":{"line":186,"column":19},"end":{"line":186,"column":53}},"54":{"start":{"line":187,"column":29},"end":{"line":201,"column":11}},"55":{"start":{"line":195,"column":31},"end":{"line":195,"column":92}},"56":{"start":{"line":197,"column":12},"end":{"line":197,"column":91}},"57":{"start":{"line":203,"column":4},"end":{"line":203,"column":34}},"58":{"start":{"line":205,"column":27},"end":{"line":205,"column":56}},"59":{"start":{"line":206,"column":4},"end":{"line":210,"column":7}},"60":{"start":{"line":219,"column":8},"end":{"line":219,"column":14}},"61":{"start":{"line":221,"column":4},"end":{"line":224,"column":5}},"62":{"start":{"line":222,"column":8},"end":{"line":222,"column":38}},"63":{"start":{"line":223,"column":8},"end":{"line":223,"column":33}},"64":{"start":{"line":226,"column":29},"end":{"line":226,"column":53}},"65":{"start":{"line":228,"column":4},"end":{"line":228,"column":34}},"66":{"start":{"line":229,"column":33},"end":{"line":234,"column":6}},"67":{"start":{"line":236,"column":4},"end":{"line":236,"column":34}},"68":{"start":{"line":238,"column":4},"end":{"line":243,"column":7}},"69":{"start":{"line":252,"column":8},"end":{"line":252,"column":14}},"70":{"start":{"line":257,"column":32},"end":{"line":260,"column":5}},"71":{"start":{"line":262,"column":29},"end":{"line":276,"column":6}},"72":{"start":{"line":270,"column":31},"end":{"line":270,"column":92}},"73":{"start":{"line":271,"column":34},"end":{"line":271,"column":126}},"74":{"start":{"line":271,"column":71},"end":{"line":271,"column":125}},"75":{"start":{"line":272,"column":12},"end":{"line":272,"column":109}},"76":{"start":{"line":278,"column":4},"end":{"line":300,"column":7}},"77":{"start":{"line":279,"column":8},"end":{"line":282,"column":9}},"78":{"start":{"line":280,"column":12},"end":{"line":280,"column":55}},"79":{"start":{"line":281,"column":12},"end":{"line":281,"column":19}},"80":{"start":{"line":284,"column":26},"end":{"line":284,"column":96}},"81":{"start":{"line":284,"column":36},"end":{"line":284,"column":96}},"82":{"start":{"line":285,"column":26},"end":{"line":285,"column":63}},"83":{"start":{"line":286,"column":8},"end":{"line":288,"column":9}},"84":{"start":{"line":287,"column":12},"end":{"line":287,"column":18}},"85":{"start":{"line":290,"column":30},"end":{"line":295,"column":10}},"86":{"start":{"line":297,"column":8},"end":{"line":297,"column":77}},"87":{"start":{"line":298,"column":8},"end":{"line":298,"column":33}},"88":{"start":{"line":302,"column":4},"end":{"line":302,"column":33}},"89":{"start":{"line":306,"column":4},"end":{"line":317,"column":7}},"90":{"start":{"line":307,"column":8},"end":{"line":316,"column":10}},"91":{"start":{"line":308,"column":31},"end":{"line":310,"column":13}},"92":{"start":{"line":309,"column":24},"end":{"line":309,"column":74}},"93":{"start":{"line":311,"column":12},"end":{"line":313,"column":13}},"94":{"start":{"line":312,"column":16},"end":{"line":312,"column":52}},"95":{"start":{"line":315,"column":12},"end":{"line":315,"column":31}},"96":{"start":{"line":331,"column":8},"end":{"line":331,"column":14}},"97":{"start":{"line":333,"column":17},"end":{"line":333,"column":52}},"98":{"start":{"line":337,"column":4},"end":{"line":339,"column":5}},"99":{"start":{"line":338,"column":8},"end":{"line":338,"column":53}},"100":{"start":{"line":349,"column":19},"end":{"line":353,"column":6}},"101":{"start":{"line":355,"column":26},"end":{"line":355,"column":58}},"102":{"start":{"line":357,"column":4},"end":{"line":357,"column":26}},"103":{"start":{"line":358,"column":4},"end":{"line":358,"column":33}},"104":{"start":{"line":360,"column":4},"end":{"line":360,"column":25}}},"fnMap":{"0":{"name":"generateGrid","decl":{"start":{"line":1,"column":16},"end":{"line":1,"column":28}},"loc":{"start":{"line":1,"column":89},"end":{"line":33,"column":1}},"line":1},"1":{"name":"(anonymous_1)","decl":{"start":{"line":1,"column":68},"end":{"line":1,"column":69}},"loc":{"start":{"line":1,"column":85},"end":{"line":1,"column":87}},"line":1},"2":{"name":"buildColumns","decl":{"start":{"line":3,"column":13},"end":{"line":3,"column":25}},"loc":{"start":{"line":3,"column":98},"end":{"line":19,"column":5}},"line":3},"3":{"name":"buildRows","decl":{"start":{"line":21,"column":13},"end":{"line":21,"column":22}},"loc":{"start":{"line":21,"column":76},"end":{"line":30,"column":5}},"line":21},"4":{"name":"reducePerimeter","decl":{"start":{"line":49,"column":16},"end":{"line":49,"column":31}},"loc":{"start":{"line":49,"column":40},"end":{"line":96,"column":1}},"line":49},"5":{"name":"(anonymous_5)","decl":{"start":{"line":98,"column":34},"end":{"line":98,"column":35}},"loc":{"start":{"line":98,"column":91},"end":{"line":101,"column":1}},"line":98},"6":{"name":"addProximities","decl":{"start":{"line":103,"column":16},"end":{"line":103,"column":30}},"loc":{"start":{"line":103,"column":57},"end":{"line":127,"column":1}},"line":103},"7":{"name":"(anonymous_7)","decl":{"start":{"line":104,"column":25},"end":{"line":104,"column":26}},"loc":{"start":{"line":104,"column":55},"end":{"line":126,"column":5}},"line":104},"8":{"name":"(anonymous_8)","decl":{"start":{"line":105,"column":23},"end":{"line":105,"column":24}},"loc":{"start":{"line":105,"column":48},"end":{"line":125,"column":9}},"line":105},"9":{"name":"createGrid","decl":{"start":{"line":129,"column":16},"end":{"line":129,"column":26}},"loc":{"start":{"line":129,"column":29},"end":{"line":158,"column":1}},"line":129},"10":{"name":"randomMinMax","decl":{"start":{"line":136,"column":13},"end":{"line":136,"column":25}},"loc":{"start":{"line":136,"column":36},"end":{"line":138,"column":5}},"line":136},"11":{"name":"tileData","decl":{"start":{"line":140,"column":13},"end":{"line":140,"column":21}},"loc":{"start":{"line":140,"column":35},"end":{"line":149,"column":5}},"line":140},"12":{"name":"(anonymous_12)","decl":{"start":{"line":151,"column":24},"end":{"line":151,"column":25}},"loc":{"start":{"line":151,"column":41},"end":{"line":153,"column":5}},"line":151},"13":{"name":"buildPerimeters","decl":{"start":{"line":171,"column":16},"end":{"line":171,"column":31}},"loc":{"start":{"line":171,"column":40},"end":{"line":211,"column":1}},"line":171},"14":{"name":"(anonymous_14)","decl":{"start":{"line":179,"column":45},"end":{"line":179,"column":46}},"loc":{"start":{"line":179,"column":53},"end":{"line":179,"column":105}},"line":179},"15":{"name":"(anonymous_15)","decl":{"start":{"line":194,"column":25},"end":{"line":194,"column":26}},"loc":{"start":{"line":194,"column":82},"end":{"line":198,"column":9}},"line":194},"16":{"name":"recursePerimeters","decl":{"start":{"line":213,"column":9},"end":{"line":213,"column":26}},"loc":{"start":{"line":213,"column":35},"end":{"line":244,"column":1}},"line":213},"17":{"name":"recurseTwo","decl":{"start":{"line":246,"column":9},"end":{"line":246,"column":19}},"loc":{"start":{"line":246,"column":29},"end":{"line":303,"column":1}},"line":246},"18":{"name":"(anonymous_18)","decl":{"start":{"line":269,"column":25},"end":{"line":269,"column":26}},"loc":{"start":{"line":269,"column":82},"end":{"line":273,"column":9}},"line":269},"19":{"name":"(anonymous_19)","decl":{"start":{"line":271,"column":61},"end":{"line":271,"column":62}},"loc":{"start":{"line":271,"column":71},"end":{"line":271,"column":125}},"line":271},"20":{"name":"(anonymous_20)","decl":{"start":{"line":278,"column":29},"end":{"line":278,"column":30}},"loc":{"start":{"line":278,"column":44},"end":{"line":300,"column":5}},"line":278},"21":{"name":"(anonymous_21)","decl":{"start":{"line":284,"column":26},"end":{"line":284,"column":27}},"loc":{"start":{"line":284,"column":36},"end":{"line":284,"column":96}},"line":284},"22":{"name":"mapChanges","decl":{"start":{"line":305,"column":9},"end":{"line":305,"column":19}},"loc":{"start":{"line":305,"column":35},"end":{"line":318,"column":1}},"line":305},"23":{"name":"(anonymous_23)","decl":{"start":{"line":306,"column":20},"end":{"line":306,"column":21}},"loc":{"start":{"line":306,"column":39},"end":{"line":317,"column":5}},"line":306},"24":{"name":"(anonymous_24)","decl":{"start":{"line":307,"column":23},"end":{"line":307,"column":24}},"loc":{"start":{"line":307,"column":48},"end":{"line":316,"column":9}},"line":307},"25":{"name":"(anonymous_25)","decl":{"start":{"line":309,"column":16},"end":{"line":309,"column":17}},"loc":{"start":{"line":309,"column":24},"end":{"line":309,"column":74}},"line":309},"26":{"name":"updateTile","decl":{"start":{"line":326,"column":16},"end":{"line":326,"column":26}},"loc":{"start":{"line":326,"column":35},"end":{"line":361,"column":1}},"line":326}},"branchMap":{"0":{"loc":{"start":{"line":1,"column":54},"end":{"line":1,"column":87}},"type":"default-arg","locations":[{"start":{"line":1,"column":68},"end":{"line":1,"column":87}}],"line":1},"1":{"loc":{"start":{"line":3,"column":74},"end":{"line":3,"column":96}},"type":"default-arg","locations":[{"start":{"line":3,"column":95},"end":{"line":3,"column":96}}],"line":3},"2":{"loc":{"start":{"line":4,"column":8},"end":{"line":6,"column":9}},"type":"if","locations":[{"start":{"line":4,"column":8},"end":{"line":6,"column":9}},{"start":{},"end":{}}],"line":4},"3":{"loc":{"start":{"line":21,"column":55},"end":{"line":21,"column":74}},"type":"default-arg","locations":[{"start":{"line":21,"column":73},"end":{"line":21,"column":74}}],"line":21},"4":{"loc":{"start":{"line":22,"column":8},"end":{"line":24,"column":9}},"type":"if","locations":[{"start":{"line":22,"column":8},"end":{"line":24,"column":9}},{"start":{},"end":{}}],"line":22},"5":{"loc":{"start":{"line":55,"column":8},"end":{"line":55,"column":32}},"type":"default-arg","locations":[{"start":{"line":55,"column":22},"end":{"line":55,"column":32}}],"line":55},"6":{"loc":{"start":{"line":56,"column":8},"end":{"line":56,"column":38}},"type":"default-arg","locations":[{"start":{"line":56,"column":25},"end":{"line":56,"column":38}}],"line":56},"7":{"loc":{"start":{"line":64,"column":4},"end":{"line":66,"column":5}},"type":"if","locations":[{"start":{"line":64,"column":4},"end":{"line":66,"column":5}},{"start":{},"end":{}}],"line":64},"8":{"loc":{"start":{"line":68,"column":21},"end":{"line":68,"column":77}},"type":"binary-expr","locations":[{"start":{"line":68,"column":21},"end":{"line":68,"column":50}},{"start":{"line":68,"column":54},"end":{"line":68,"column":77}}],"line":68},"9":{"loc":{"start":{"line":69,"column":21},"end":{"line":74,"column":21}},"type":"cond-expr","locations":[{"start":{"line":69,"column":33},"end":{"line":74,"column":5}},{"start":{"line":74,"column":8},"end":{"line":74,"column":21}}],"line":69},"10":{"loc":{"start":{"line":78,"column":22},"end":{"line":78,"column":67}},"type":"cond-expr","locations":[{"start":{"line":78,"column":33},"end":{"line":78,"column":47}},{"start":{"line":78,"column":50},"end":{"line":78,"column":67}}],"line":78},"11":{"loc":{"start":{"line":79,"column":19},"end":{"line":79,"column":57}},"type":"cond-expr","locations":[{"start":{"line":79,"column":30},"end":{"line":79,"column":44}},{"start":{"line":79,"column":47},"end":{"line":79,"column":57}}],"line":79},"12":{"loc":{"start":{"line":99,"column":23},"end":{"line":99,"column":84}},"type":"binary-expr","locations":[{"start":{"line":99,"column":23},"end":{"line":99,"column":44}},{"start":{"line":99,"column":48},"end":{"line":99,"column":84}}],"line":99},"13":{"loc":{"start":{"line":100,"column":11},"end":{"line":100,"column":80}},"type":"cond-expr","locations":[{"start":{"line":100,"column":47},"end":{"line":100,"column":64}},{"start":{"line":100,"column":67},"end":{"line":100,"column":80}}],"line":100},"14":{"loc":{"start":{"line":100,"column":12},"end":{"line":100,"column":43}},"type":"binary-expr","locations":[{"start":{"line":100,"column":12},"end":{"line":100,"column":22}},{"start":{"line":100,"column":26},"end":{"line":100,"column":43}}],"line":100},"15":{"loc":{"start":{"line":106,"column":12},"end":{"line":108,"column":13}},"type":"if","locations":[{"start":{"line":106,"column":12},"end":{"line":108,"column":13}},{"start":{},"end":{}}],"line":106},"16":{"loc":{"start":{"line":141,"column":23},"end":{"line":141,"column":87}},"type":"cond-expr","locations":[{"start":{"line":141,"column":75},"end":{"line":141,"column":79}},{"start":{"line":141,"column":82},"end":{"line":141,"column":87}}],"line":141},"17":{"loc":{"start":{"line":176,"column":8},"end":{"line":176,"column":24}},"type":"default-arg","locations":[{"start":{"line":176,"column":22},"end":{"line":176,"column":24}}],"line":176},"18":{"loc":{"start":{"line":179,"column":53},"end":{"line":179,"column":105}},"type":"binary-expr","locations":[{"start":{"line":179,"column":53},"end":{"line":179,"column":80}},{"start":{"line":179,"column":84},"end":{"line":179,"column":105}}],"line":179},"19":{"loc":{"start":{"line":180,"column":4},"end":{"line":182,"column":5}},"type":"if","locations":[{"start":{"line":180,"column":4},"end":{"line":182,"column":5}},{"start":{},"end":{}}],"line":180},"20":{"loc":{"start":{"line":187,"column":29},"end":{"line":201,"column":11}},"type":"cond-expr","locations":[{"start":{"line":187,"column":73},"end":{"line":201,"column":6}},{"start":{"line":201,"column":9},"end":{"line":201,"column":11}}],"line":187},"21":{"loc":{"start":{"line":187,"column":29},"end":{"line":187,"column":70}},"type":"binary-expr","locations":[{"start":{"line":187,"column":29},"end":{"line":187,"column":43}},{"start":{"line":187,"column":47},"end":{"line":187,"column":70}}],"line":187},"22":{"loc":{"start":{"line":195,"column":31},"end":{"line":195,"column":92}},"type":"binary-expr","locations":[{"start":{"line":195,"column":31},"end":{"line":195,"column":52}},{"start":{"line":195,"column":56},"end":{"line":195,"column":92}}],"line":195},"23":{"loc":{"start":{"line":197,"column":19},"end":{"line":197,"column":90}},"type":"cond-expr","locations":[{"start":{"line":197,"column":34},"end":{"line":197,"column":69}},{"start":{"line":197,"column":72},"end":{"line":197,"column":90}}],"line":197},"24":{"loc":{"start":{"line":216,"column":8},"end":{"line":216,"column":43}},"type":"default-arg","locations":[{"start":{"line":216,"column":23},"end":{"line":216,"column":43}}],"line":216},"25":{"loc":{"start":{"line":221,"column":4},"end":{"line":224,"column":5}},"type":"if","locations":[{"start":{"line":221,"column":4},"end":{"line":224,"column":5}},{"start":{},"end":{}}],"line":221},"26":{"loc":{"start":{"line":251,"column":8},"end":{"line":251,"column":24}},"type":"default-arg","locations":[{"start":{"line":251,"column":22},"end":{"line":251,"column":24}}],"line":251},"27":{"loc":{"start":{"line":270,"column":31},"end":{"line":270,"column":92}},"type":"binary-expr","locations":[{"start":{"line":270,"column":31},"end":{"line":270,"column":52}},{"start":{"line":270,"column":56},"end":{"line":270,"column":92}}],"line":270},"28":{"loc":{"start":{"line":271,"column":71},"end":{"line":271,"column":125}},"type":"binary-expr","locations":[{"start":{"line":271,"column":71},"end":{"line":271,"column":99}},{"start":{"line":271,"column":103},"end":{"line":271,"column":125}}],"line":271},"29":{"loc":{"start":{"line":272,"column":19},"end":{"line":272,"column":108}},"type":"cond-expr","locations":[{"start":{"line":272,"column":52},"end":{"line":272,"column":87}},{"start":{"line":272,"column":90},"end":{"line":272,"column":108}}],"line":272},"30":{"loc":{"start":{"line":272,"column":20},"end":{"line":272,"column":48}},"type":"binary-expr","locations":[{"start":{"line":272,"column":20},"end":{"line":272,"column":30}},{"start":{"line":272,"column":34},"end":{"line":272,"column":48}}],"line":272},"31":{"loc":{"start":{"line":279,"column":8},"end":{"line":282,"column":9}},"type":"if","locations":[{"start":{"line":279,"column":8},"end":{"line":282,"column":9}},{"start":{},"end":{}}],"line":279},"32":{"loc":{"start":{"line":279,"column":12},"end":{"line":279,"column":57}},"type":"binary-expr","locations":[{"start":{"line":279,"column":12},"end":{"line":279,"column":28}},{"start":{"line":279,"column":32},"end":{"line":279,"column":57}}],"line":279},"33":{"loc":{"start":{"line":284,"column":36},"end":{"line":284,"column":96}},"type":"binary-expr","locations":[{"start":{"line":284,"column":36},"end":{"line":284,"column":66}},{"start":{"line":284,"column":70},"end":{"line":284,"column":96}}],"line":284},"34":{"loc":{"start":{"line":286,"column":8},"end":{"line":288,"column":9}},"type":"if","locations":[{"start":{"line":286,"column":8},"end":{"line":288,"column":9}},{"start":{},"end":{}}],"line":286},"35":{"loc":{"start":{"line":309,"column":24},"end":{"line":309,"column":74}},"type":"binary-expr","locations":[{"start":{"line":309,"column":24},"end":{"line":309,"column":44}},{"start":{"line":309,"column":48},"end":{"line":309,"column":74}}],"line":309},"36":{"loc":{"start":{"line":311,"column":12},"end":{"line":313,"column":13}},"type":"if","locations":[{"start":{"line":311,"column":12},"end":{"line":313,"column":13}},{"start":{},"end":{}}],"line":311},"37":{"loc":{"start":{"line":337,"column":4},"end":{"line":339,"column":5}},"type":"if","locations":[{"start":{"line":337,"column":4},"end":{"line":339,"column":5}},{"start":{},"end":{}}],"line":337},"38":{"loc":{"start":{"line":337,"column":8},"end":{"line":337,"column":43}},"type":"binary-expr","locations":[{"start":{"line":337,"column":8},"end":{"line":337,"column":19}},{"start":{"line":337,"column":23},"end":{"line":337,"column":43}}],"line":337}},"s":{"0":0,"1":0,"2":0,"3":0,"4":0,"5":0,"6":0,"7":0,"8":0,"9":0,"10":0,"11":0,"12":0,"13":140,"14":140,"15":14,"16":126,"17":126,"18":126,"19":126,"20":126,"21":126,"22":126,"23":1,"24":17,"25":17,"26":0,"27":0,"28":0,"29":0,"30":0,"31":0,"32":0,"33":0,"34":0,"35":0,"36":0,"37":0,"38":0,"39":0,"40":0,"41":0,"42":0,"43":0,"44":0,"45":1,"46":1,"47":64,"48":64,"49":449,"50":64,"51":49,"52":15,"53":15,"54":15,"55":96,"56":96,"57":15,"58":15,"59":15,"60":78,"61":78,"62":15,"63":15,"64":63,"65":63,"66":63,"67":63,"68":63,"69":0,"70":0,"71":0,"72":0,"73":0,"74":0,"75":0,"76":0,"77":0,"78":0,"79":0,"80":0,"81":0,"82":0,"83":0,"84":0,"85":0,"86":0,"87":0,"88":0,"89":0,"90":0,"91":0,"92":0,"93":0,"94":0,"95":0,"96":0,"97":0,"98":0,"99":0,"100":0,"101":0,"102":0,"103":0,"104":0},"f":{"0":0,"1":0,"2":0,"3":0,"4":140,"5":17,"6":0,"7":0,"8":0,"9":0,"10":0,"11":0,"12":0,"13":64,"14":449,"15":96,"16":78,"17":0,"18":0,"19":0,"20":0,"21":0,"22":0,"23":0,"24":0,"25":0,"26":0},"b":{"0":[0],"1":[0],"2":[0,0],"3":[0],"4":[0,0],"5":[14],"6":[14],"7":[14,126],"8":[126,39],"9":[113,13],"10":[42,84],"11":[42,84],"12":[17,14],"13":[10,7],"14":[17,12],"15":[0,0],"16":[0,0],"17":[1],"18":[449,133],"19":[49,15],"20":[12,3],"21":[15,15],"22":[96,78],"23":[63,33],"24":[15],"25":[15,63],"26":[0],"27":[0,0],"28":[0,0],"29":[0,0],"30":[0,0],"31":[0,0],"32":[0,0],"33":[0,0],"34":[0,0],"35":[0,0],"36":[0,0],"37":[0,0],"38":[0,0]},"_coverageSchema":"1a1c01bbd47fc00a2c39e90264f33305004495a9","hash":"4d7bcf7e1a3fee994e9d79482610b31fba953085"}
,"C:\\Projects\\meowsweeper\\src\\library\\Grid.testdata.js": {"path":"C:\\Projects\\meowsweeper\\src\\library\\Grid.testdata.js","statementMap":{"0":{"start":{"line":1,"column":24},"end":{"line":106,"column":1}},"1":{"start":{"line":109,"column":27},"end":{"line":230,"column":1}}},"fnMap":{},"branchMap":{},"s":{"0":1,"1":1},"f":{},"b":{},"_coverageSchema":"1a1c01bbd47fc00a2c39e90264f33305004495a9","hash":"c19fd393fa7477fd092c3ac22f42b92a8d60e709"}
}
