TN:
SF:src\library\Grid.js
FN:2,getRandomInt
FN:8,tileData
FN:19,generateGrid
FN:19,(anonymous_3)
FN:21,buildColumns
FN:39,buildRows
FN:60,processPerimeter
FN:101,addProximities
FN:103,(anonymous_8)
FN:104,(anonymous_9)
FNF:10
FNH:1
FNDA:0,getRandomInt
FNDA:0,tileData
FNDA:0,generateGrid
FNDA:0,(anonymous_3)
FNDA:0,buildColumns
FNDA:0,buildRows
FNDA:22,processPerimeter
FNDA:0,addProximities
FNDA:0,(anonymous_8)
FNDA:0,(anonymous_9)
DA:3,0
DA:4,0
DA:5,0
DA:9,0
DA:10,0
DA:22,0
DA:23,0
DA:26,0
DA:33,0
DA:34,0
DA:35,0
DA:36,0
DA:40,0
DA:41,0
DA:45,0
DA:46,0
DA:47,0
DA:50,0
DA:70,22
DA:72,22
DA:73,2
DA:76,20
DA:77,20
DA:78,20
DA:79,20
DA:80,20
DA:81,20
DA:82,8
DA:83,8
DA:86,20
DA:87,20
DA:103,0
DA:104,0
DA:105,0
DA:106,0
DA:108,0
DA:109,0
DA:122,0
DA:123,0
DA:127,0
LF:40
LH:13
BRDA:9,0,0,0
BRDA:9,0,1,0
BRDA:19,1,0,0
BRDA:21,2,0,0
BRDA:22,3,0,0
BRDA:22,3,1,0
BRDA:39,4,0,0
BRDA:40,5,0,0
BRDA:40,5,1,0
BRDA:62,6,0,0
BRDA:72,7,0,2
BRDA:72,7,1,20
BRDA:76,8,0,20
BRDA:76,8,1,19
BRDA:77,9,0,4
BRDA:77,9,1,16
BRDA:77,10,0,20
BRDA:77,10,1,16
BRDA:81,11,0,8
BRDA:81,11,1,12
BRDA:101,12,0,0
BRDA:105,13,0,0
BRDA:105,13,1,0
BRF:23
BRH:10
end_of_record
