TN:
SF:src\library\Grid.js
FN:16,createGridWithProximites
FN:32,createGrid
FN:39,buildColumns
FN:62,buildRows
FN:106,reducePerimeter
FN:153,(anonymous_5)
FN:158,addProximities
FN:159,(anonymous_7)
FN:160,(anonymous_8)
FN:194,processTarget
FN:204,(anonymous_10)
FN:231,(anonymous_11)
FN:257,recursePerimeters
FN:291,mapChanges
FN:292,(anonymous_14)
FN:293,(anonymous_15)
FN:295,(anonymous_16)
FN:315,updateGridFromTarget
FNF:18
FNH:18
FNDA:1,createGridWithProximites
FNDA:1,createGrid
FNDA:10100,buildColumns
FNDA:101,buildRows
FNDA:80890,reducePerimeter
FNDA:64425,(anonymous_5)
FNDA:1,addProximities
FNDA:100,(anonymous_7)
FNDA:10000,(anonymous_8)
FNDA:193,processTarget
FNDA:1347,(anonymous_10)
FNDA:288,(anonymous_11)
FNDA:225,recursePerimeters
FNDA:3,mapChanges
FNDA:12,(anonymous_14)
FNDA:48,(anonymous_15)
FNDA:286,(anonymous_16)
FNDA:3,updateGridFromTarget
DA:3,1
DA:4,1
DA:21,1
DA:23,1
DA:37,1
DA:44,10100
DA:46,10100
DA:47,100
DA:50,10000
DA:66,101
DA:68,101
DA:69,1
DA:72,100
DA:78,100
DA:84,1
DA:89,1
DA:118,80890
DA:120,80890
DA:121,8089
DA:124,72801
DA:125,72801
DA:132,72801
DA:133,72801
DA:134,72801
DA:135,72801
DA:137,72801
DA:153,1
DA:154,64425
DA:155,64425
DA:159,1
DA:160,100
DA:161,10000
DA:162,1949
DA:164,8051
DA:177,8051
DA:200,193
DA:204,1347
DA:205,193
DA:206,147
DA:209,46
DA:213,46
DA:214,46
DA:215,46
DA:219,46
DA:220,10
DA:223,36
DA:232,288
DA:233,288
DA:263,225
DA:266,225
DA:267,36
DA:270,189
DA:271,189
DA:292,3
DA:293,12
DA:294,48
DA:295,286
DA:297,48
DA:298,31
DA:301,17
DA:320,3
DA:322,3
LF:62
LH:62
BRDA:42,0,0,0
BRDA:46,1,0,100
BRDA:46,1,1,10000
BRDA:68,2,0,1
BRDA:68,2,1,100
BRDA:112,3,0,8089
BRDA:113,4,0,8089
BRDA:120,5,0,8089
BRDA:120,5,1,72801
BRDA:124,6,0,72801
BRDA:124,6,1,24264
BRDA:125,7,0,64713
BRDA:125,7,1,8088
BRDA:134,8,0,24267
BRDA:134,8,1,48534
BRDA:135,9,0,24267
BRDA:135,9,1,48534
BRDA:154,10,0,64425
BRDA:154,10,1,63924
BRDA:155,11,0,12397
BRDA:155,11,1,52028
BRDA:155,12,0,64425
BRDA:155,12,1,63445
BRDA:161,13,0,1949
BRDA:161,13,1,8051
BRDA:199,14,0,4
BRDA:204,15,0,1347
BRDA:204,15,1,399
BRDA:205,16,0,147
BRDA:205,16,1,46
BRDA:215,17,0,46
BRDA:215,17,1,45
BRDA:219,18,0,10
BRDA:219,18,1,36
BRDA:232,19,0,288
BRDA:232,19,1,234
BRDA:233,20,0,189
BRDA:233,20,1,99
BRDA:260,21,0,36
BRDA:266,22,0,36
BRDA:266,22,1,189
BRDA:295,23,0,286
BRDA:295,23,1,82
BRDA:297,24,0,31
BRDA:297,24,1,17
BRF:45
BRH:44
end_of_record
TN:
SF:src\library\Grid.testdata.js
FNF:0
FNH:0
DA:1,1
DA:108,1
DA:232,1
DA:323,1
DA:414,1
LF:5
LH:5
BRF:0
BRH:0
end_of_record
TN:
SF:src\library\RandomMinMax.js
FN:1,RandomMinMax
FNF:1
FNH:1
FNDA:10000,RandomMinMax
DA:2,10000
LF:1
LH:1
BRF:0
BRH:0
end_of_record
TN:
SF:src\library\Tile.js
FN:2,TileFactory
FN:18,TileChangeFactory
FNF:2
FNH:2
FNDA:20283,TileFactory
FNDA:235,TileChangeFactory
DA:9,20283
DA:11,20283
DA:23,235
DA:25,235
LF:4
LH:4
BRDA:6,0,0,10000
BRDA:6,1,0,1949
BRDA:6,1,1,8051
BRDA:7,2,0,10000
BRDA:8,3,0,10000
BRF:5
BRH:5
end_of_record
